2022-07-17 18:40:13 INFO  PlusMinusServiceTest:30 - Начинаем создание настроек
 2022-07-17 18:40:13 INFO  PlusMinusServiceTest:56 - Не удалось создать настройки для следующих пар значений:
 2022-07-17 18:40:13 INFO  PlusMinusServiceTest:1541 - 1 и 1
 2022-07-17 18:40:13 INFO  PlusMinusServiceTest:1541 - 2 и 2
 2022-07-17 18:40:13 INFO  PlusMinusServiceTest:1541 - 2 и 3
 2022-07-17 18:40:13 INFO  PlusMinusServiceTest:1541 - 3 и 2
 2022-07-17 18:40:13 INFO  PlusMinusServiceTest:1541 - 3 и 3
 2022-07-17 18:40:13 INFO  PlusMinusServiceTest:1541 - 3 и 4
 2022-07-17 18:40:13 INFO  PlusMinusServiceTest:1541 - 3 и 5
 2022-07-17 18:40:13 INFO  PlusMinusServiceTest:1541 - 4 и 3
 2022-07-17 18:40:13 INFO  PlusMinusServiceTest:1541 - 4 и 4
 2022-07-17 18:40:13 INFO  PlusMinusServiceTest:1541 - 4 и 5
 2022-07-17 18:40:13 INFO  PlusMinusServiceTest:1541 - 4 и 6
 2022-07-17 18:40:13 INFO  PlusMinusServiceTest:1541 - 4 и 7
 2022-07-17 18:40:13 INFO  PlusMinusServiceTest:1541 - 5 и 3
 2022-07-17 18:40:13 INFO  PlusMinusServiceTest:1541 - 5 и 4
 2022-07-17 18:40:13 INFO  PlusMinusServiceTest:1541 - 5 и 5
 2022-07-17 18:40:13 INFO  PlusMinusServiceTest:1541 - 5 и 6
 2022-07-17 18:40:13 INFO  PlusMinusServiceTest:1541 - 5 и 7
 2022-07-17 18:40:13 INFO  PlusMinusServiceTest:1541 - 5 и 8
 2022-07-17 18:40:13 INFO  PlusMinusServiceTest:1541 - 5 и 9
 2022-07-17 18:40:13 INFO  PlusMinusServiceTest:1541 - 6 и 4
 2022-07-17 18:40:13 INFO  PlusMinusServiceTest:1541 - 6 и 5
 2022-07-17 18:40:13 INFO  PlusMinusServiceTest:1541 - 6 и 6
 2022-07-17 18:40:13 INFO  PlusMinusServiceTest:1541 - 6 и 7
 2022-07-17 18:40:13 INFO  PlusMinusServiceTest:1541 - 6 и 8
 2022-07-17 18:40:13 INFO  PlusMinusServiceTest:1541 - 6 и 9
 2022-07-17 18:40:13 INFO  PlusMinusServiceTest:1541 - 6 и 10
 2022-07-17 18:40:13 INFO  PlusMinusServiceTest:1541 - 6 и 11
 2022-07-17 18:40:13 INFO  PlusMinusServiceTest:1541 - 7 и 4
 2022-07-17 18:40:13 INFO  PlusMinusServiceTest:1541 - 7 и 5
 2022-07-17 18:40:13 INFO  PlusMinusServiceTest:1541 - 7 и 6
 2022-07-17 18:40:13 INFO  PlusMinusServiceTest:1541 - 7 и 7
 2022-07-17 18:40:13 INFO  PlusMinusServiceTest:1541 - 7 и 8
 2022-07-17 18:40:13 INFO  PlusMinusServiceTest:1541 - 7 и 9
 2022-07-17 18:40:13 INFO  PlusMinusServiceTest:1541 - 7 и 10
 2022-07-17 18:40:13 INFO  PlusMinusServiceTest:1541 - 7 и 11
 2022-07-17 18:40:13 INFO  PlusMinusServiceTest:1541 - 7 и 12
 2022-07-17 18:40:13 INFO  PlusMinusServiceTest:1541 - 7 и 13
 2022-07-17 18:40:13 INFO  PlusMinusServiceTest:1541 - 8 и 5
 2022-07-17 18:40:13 INFO  PlusMinusServiceTest:1541 - 8 и 6
 2022-07-17 18:40:13 INFO  PlusMinusServiceTest:1541 - 8 и 7
 2022-07-17 18:40:13 INFO  PlusMinusServiceTest:1541 - 8 и 8
 2022-07-17 18:40:13 INFO  PlusMinusServiceTest:1541 - 8 и 9
 2022-07-17 18:40:13 INFO  PlusMinusServiceTest:1541 - 8 и 10
 2022-07-17 18:40:13 INFO  PlusMinusServiceTest:1541 - 8 и 11
 2022-07-17 18:40:13 INFO  PlusMinusServiceTest:1541 - 8 и 12
 2022-07-17 18:40:13 INFO  PlusMinusServiceTest:1541 - 8 и 13
 2022-07-17 18:40:13 INFO  PlusMinusServiceTest:1541 - 8 и 14
 2022-07-17 18:40:13 INFO  PlusMinusServiceTest:1541 - 8 и 15
 2022-07-17 18:40:13 INFO  PlusMinusServiceTest:1541 - 9 и 5
 2022-07-17 18:40:13 INFO  PlusMinusServiceTest:1541 - 9 и 6
 2022-07-17 18:40:13 INFO  PlusMinusServiceTest:1541 - 9 и 7
 2022-07-17 18:40:13 INFO  PlusMinusServiceTest:1541 - 9 и 8
 2022-07-17 18:40:13 INFO  PlusMinusServiceTest:1541 - 9 и 9
 2022-07-17 18:40:13 INFO  PlusMinusServiceTest:1541 - 9 и 10
 2022-07-17 18:40:13 INFO  PlusMinusServiceTest:1541 - 9 и 11
 2022-07-17 18:40:13 INFO  PlusMinusServiceTest:1541 - 9 и 12
 2022-07-17 18:40:13 INFO  PlusMinusServiceTest:1541 - 9 и 13
 2022-07-17 18:40:13 INFO  PlusMinusServiceTest:1541 - 9 и 14
 2022-07-17 18:40:13 INFO  PlusMinusServiceTest:1541 - 9 и 15
 2022-07-17 18:40:13 INFO  PlusMinusServiceTest:1541 - 9 и 16
 2022-07-17 18:40:13 INFO  PlusMinusServiceTest:1541 - 9 и 17
 2022-07-17 18:40:13 INFO  PlusMinusServiceTest:1541 - 10 и 6
 2022-07-17 18:40:13 INFO  PlusMinusServiceTest:1541 - 10 и 7
 2022-07-17 18:40:13 INFO  PlusMinusServiceTest:1541 - 10 и 8
 2022-07-17 18:40:13 INFO  PlusMinusServiceTest:1541 - 10 и 9
 2022-07-17 18:40:13 INFO  PlusMinusServiceTest:1541 - 10 и 10
 2022-07-17 18:40:13 INFO  PlusMinusServiceTest:1541 - 10 и 11
 2022-07-17 18:40:13 INFO  PlusMinusServiceTest:1541 - 10 и 12
 2022-07-17 18:40:13 INFO  PlusMinusServiceTest:1541 - 10 и 13
 2022-07-17 18:40:13 INFO  PlusMinusServiceTest:1541 - 10 и 14
 2022-07-17 18:40:13 INFO  PlusMinusServiceTest:1541 - 10 и 15
 2022-07-17 18:40:13 INFO  PlusMinusServiceTest:1541 - 10 и 16
 2022-07-17 18:40:13 INFO  PlusMinusServiceTest:1541 - 10 и 17
 2022-07-17 18:40:13 INFO  PlusMinusServiceTest:1541 - 10 и 18
 2022-07-17 18:40:13 INFO  PlusMinusServiceTest:1541 - 10 и 19
 2022-07-17 18:40:13 INFO  PlusMinusServiceTest:1541 - 11 и 6
 2022-07-17 18:40:13 INFO  PlusMinusServiceTest:1541 - 11 и 7
 2022-07-17 18:40:13 INFO  PlusMinusServiceTest:1541 - 11 и 8
 2022-07-17 18:40:13 INFO  PlusMinusServiceTest:1541 - 11 и 9
 2022-07-17 18:40:13 INFO  PlusMinusServiceTest:1541 - 11 и 10
 2022-07-17 18:40:13 INFO  PlusMinusServiceTest:1541 - 11 и 11
 2022-07-17 18:40:13 INFO  PlusMinusServiceTest:1541 - 11 и 12
 2022-07-17 18:40:13 INFO  PlusMinusServiceTest:1541 - 11 и 13
 2022-07-17 18:40:13 INFO  PlusMinusServiceTest:1541 - 11 и 14
 2022-07-17 18:40:13 INFO  PlusMinusServiceTest:1541 - 11 и 15
 2022-07-17 18:40:13 INFO  PlusMinusServiceTest:1541 - 11 и 16
 2022-07-17 18:40:13 INFO  PlusMinusServiceTest:1541 - 11 и 17
 2022-07-17 18:40:13 INFO  PlusMinusServiceTest:1541 - 11 и 18
 2022-07-17 18:40:13 INFO  PlusMinusServiceTest:1541 - 11 и 19
 2022-07-17 18:40:13 INFO  PlusMinusServiceTest:1541 - 11 и 20
 2022-07-17 18:40:13 INFO  PlusMinusServiceTest:1541 - 12 и 7
 2022-07-17 18:40:13 INFO  PlusMinusServiceTest:1541 - 12 и 8
 2022-07-17 18:40:13 INFO  PlusMinusServiceTest:1541 - 12 и 9
 2022-07-17 18:40:13 INFO  PlusMinusServiceTest:1541 - 12 и 10
 2022-07-17 18:40:13 INFO  PlusMinusServiceTest:1541 - 12 и 11
 2022-07-17 18:40:13 INFO  PlusMinusServiceTest:1541 - 12 и 12
 2022-07-17 18:40:13 INFO  PlusMinusServiceTest:1541 - 12 и 13
 2022-07-17 18:40:13 INFO  PlusMinusServiceTest:1541 - 12 и 14
 2022-07-17 18:40:13 INFO  PlusMinusServiceTest:1541 - 12 и 15
 2022-07-17 18:40:13 INFO  PlusMinusServiceTest:1541 - 12 и 16
 2022-07-17 18:40:13 INFO  PlusMinusServiceTest:1541 - 12 и 17
 2022-07-17 18:40:13 INFO  PlusMinusServiceTest:1541 - 12 и 18
 2022-07-17 18:40:13 INFO  PlusMinusServiceTest:1541 - 12 и 19
 2022-07-17 18:40:13 INFO  PlusMinusServiceTest:1541 - 12 и 20
 2022-07-17 18:40:13 INFO  PlusMinusServiceTest:1541 - 13 и 7
 2022-07-17 18:40:13 INFO  PlusMinusServiceTest:1541 - 13 и 8
 2022-07-17 18:40:13 INFO  PlusMinusServiceTest:1541 - 13 и 9
 2022-07-17 18:40:13 INFO  PlusMinusServiceTest:1541 - 13 и 10
 2022-07-17 18:40:13 INFO  PlusMinusServiceTest:1541 - 13 и 11
 2022-07-17 18:40:13 INFO  PlusMinusServiceTest:1541 - 13 и 12
 2022-07-17 18:40:13 INFO  PlusMinusServiceTest:1541 - 13 и 13
 2022-07-17 18:40:13 INFO  PlusMinusServiceTest:1541 - 13 и 14
 2022-07-17 18:40:13 INFO  PlusMinusServiceTest:1541 - 13 и 15
 2022-07-17 18:40:13 INFO  PlusMinusServiceTest:1541 - 13 и 16
 2022-07-17 18:40:13 INFO  PlusMinusServiceTest:1541 - 13 и 17
 2022-07-17 18:40:13 INFO  PlusMinusServiceTest:1541 - 13 и 18
 2022-07-17 18:40:13 INFO  PlusMinusServiceTest:1541 - 13 и 19
 2022-07-17 18:40:13 INFO  PlusMinusServiceTest:1541 - 13 и 20
 2022-07-17 18:40:13 INFO  PlusMinusServiceTest:1541 - 14 и 8
 2022-07-17 18:40:13 INFO  PlusMinusServiceTest:1541 - 14 и 9
 2022-07-17 18:40:13 INFO  PlusMinusServiceTest:1541 - 14 и 10
 2022-07-17 18:40:13 INFO  PlusMinusServiceTest:1541 - 14 и 11
 2022-07-17 18:40:13 INFO  PlusMinusServiceTest:1541 - 14 и 12
 2022-07-17 18:40:13 INFO  PlusMinusServiceTest:1541 - 14 и 13
 2022-07-17 18:40:13 INFO  PlusMinusServiceTest:1541 - 14 и 14
 2022-07-17 18:40:13 INFO  PlusMinusServiceTest:1541 - 14 и 15
 2022-07-17 18:40:13 INFO  PlusMinusServiceTest:1541 - 14 и 16
 2022-07-17 18:40:13 INFO  PlusMinusServiceTest:1541 - 14 и 17
 2022-07-17 18:40:13 INFO  PlusMinusServiceTest:1541 - 14 и 18
 2022-07-17 18:40:13 INFO  PlusMinusServiceTest:1541 - 14 и 19
 2022-07-17 18:40:13 INFO  PlusMinusServiceTest:1541 - 14 и 20
 2022-07-17 18:40:13 INFO  PlusMinusServiceTest:1541 - 15 и 8
 2022-07-17 18:40:13 INFO  PlusMinusServiceTest:1541 - 15 и 9
 2022-07-17 18:40:13 INFO  PlusMinusServiceTest:1541 - 15 и 10
 2022-07-17 18:40:13 INFO  PlusMinusServiceTest:1541 - 15 и 11
 2022-07-17 18:40:13 INFO  PlusMinusServiceTest:1541 - 15 и 12
 2022-07-17 18:40:13 INFO  PlusMinusServiceTest:1541 - 15 и 13
 2022-07-17 18:40:13 INFO  PlusMinusServiceTest:1541 - 15 и 14
 2022-07-17 18:40:13 INFO  PlusMinusServiceTest:1541 - 15 и 15
 2022-07-17 18:40:13 INFO  PlusMinusServiceTest:1541 - 15 и 16
 2022-07-17 18:40:13 INFO  PlusMinusServiceTest:1541 - 15 и 17
 2022-07-17 18:40:13 INFO  PlusMinusServiceTest:1541 - 15 и 18
 2022-07-17 18:40:13 INFO  PlusMinusServiceTest:1541 - 15 и 19
 2022-07-17 18:40:13 INFO  PlusMinusServiceTest:1541 - 15 и 20
 2022-07-17 18:40:13 INFO  PlusMinusServiceTest:1541 - 16 и 9
 2022-07-17 18:40:13 INFO  PlusMinusServiceTest:1541 - 16 и 10
 2022-07-17 18:40:13 INFO  PlusMinusServiceTest:1541 - 16 и 11
 2022-07-17 18:40:13 INFO  PlusMinusServiceTest:1541 - 16 и 12
 2022-07-17 18:40:13 INFO  PlusMinusServiceTest:1541 - 16 и 13
 2022-07-17 18:40:13 INFO  PlusMinusServiceTest:1541 - 16 и 14
 2022-07-17 18:40:13 INFO  PlusMinusServiceTest:1541 - 16 и 15
 2022-07-17 18:40:13 INFO  PlusMinusServiceTest:1541 - 16 и 16
 2022-07-17 18:40:13 INFO  PlusMinusServiceTest:1541 - 16 и 17
 2022-07-17 18:40:13 INFO  PlusMinusServiceTest:1541 - 16 и 18
 2022-07-17 18:40:13 INFO  PlusMinusServiceTest:1541 - 16 и 19
 2022-07-17 18:40:13 INFO  PlusMinusServiceTest:1541 - 16 и 20
 2022-07-17 18:40:13 INFO  PlusMinusServiceTest:1541 - 17 и 9
 2022-07-17 18:40:13 INFO  PlusMinusServiceTest:1541 - 17 и 10
 2022-07-17 18:40:13 INFO  PlusMinusServiceTest:1541 - 17 и 11
 2022-07-17 18:40:13 INFO  PlusMinusServiceTest:1541 - 17 и 12
 2022-07-17 18:40:13 INFO  PlusMinusServiceTest:1541 - 17 и 13
 2022-07-17 18:40:13 INFO  PlusMinusServiceTest:1541 - 17 и 14
 2022-07-17 18:40:13 INFO  PlusMinusServiceTest:1541 - 17 и 15
 2022-07-17 18:40:13 INFO  PlusMinusServiceTest:1541 - 17 и 16
 2022-07-17 18:40:13 INFO  PlusMinusServiceTest:1541 - 17 и 17
 2022-07-17 18:40:13 INFO  PlusMinusServiceTest:1541 - 17 и 18
 2022-07-17 18:40:13 INFO  PlusMinusServiceTest:1541 - 17 и 19
 2022-07-17 18:40:13 INFO  PlusMinusServiceTest:1541 - 17 и 20
 2022-07-17 18:40:13 INFO  PlusMinusServiceTest:1541 - 18 и 10
 2022-07-17 18:40:13 INFO  PlusMinusServiceTest:1541 - 18 и 11
 2022-07-17 18:40:13 INFO  PlusMinusServiceTest:1541 - 18 и 12
 2022-07-17 18:40:13 INFO  PlusMinusServiceTest:1541 - 18 и 13
 2022-07-17 18:40:13 INFO  PlusMinusServiceTest:1541 - 18 и 14
 2022-07-17 18:40:13 INFO  PlusMinusServiceTest:1541 - 18 и 15
 2022-07-17 18:40:13 INFO  PlusMinusServiceTest:1541 - 18 и 16
 2022-07-17 18:40:13 INFO  PlusMinusServiceTest:1541 - 18 и 17
 2022-07-17 18:40:13 INFO  PlusMinusServiceTest:1541 - 18 и 18
 2022-07-17 18:40:13 INFO  PlusMinusServiceTest:1541 - 18 и 19
 2022-07-17 18:40:13 INFO  PlusMinusServiceTest:1541 - 18 и 20
 2022-07-17 18:40:13 INFO  PlusMinusServiceTest:1541 - 19 и 10
 2022-07-17 18:40:13 INFO  PlusMinusServiceTest:1541 - 19 и 11
 2022-07-17 18:40:13 INFO  PlusMinusServiceTest:1541 - 19 и 12
 2022-07-17 18:40:13 INFO  PlusMinusServiceTest:1541 - 19 и 13
 2022-07-17 18:40:13 INFO  PlusMinusServiceTest:1541 - 19 и 14
 2022-07-17 18:40:13 INFO  PlusMinusServiceTest:1541 - 19 и 15
 2022-07-17 18:40:13 INFO  PlusMinusServiceTest:1541 - 19 и 16
 2022-07-17 18:40:13 INFO  PlusMinusServiceTest:1541 - 19 и 17
 2022-07-17 18:40:13 INFO  PlusMinusServiceTest:1541 - 19 и 18
 2022-07-17 18:40:13 INFO  PlusMinusServiceTest:1541 - 19 и 19
 2022-07-17 18:40:13 INFO  PlusMinusServiceTest:1541 - 19 и 20
 2022-07-17 18:40:13 INFO  PlusMinusServiceTest:1541 - 20 и 11
 2022-07-17 18:40:13 INFO  PlusMinusServiceTest:1541 - 20 и 12
 2022-07-17 18:40:13 INFO  PlusMinusServiceTest:1541 - 20 и 13
 2022-07-17 18:40:13 INFO  PlusMinusServiceTest:1541 - 20 и 14
 2022-07-17 18:40:13 INFO  PlusMinusServiceTest:1541 - 20 и 15
 2022-07-17 18:40:13 INFO  PlusMinusServiceTest:1541 - 20 и 16
 2022-07-17 18:40:13 INFO  PlusMinusServiceTest:1541 - 20 и 17
 2022-07-17 18:40:13 INFO  PlusMinusServiceTest:1541 - 20 и 18
 2022-07-17 18:40:13 INFO  PlusMinusServiceTest:1541 - 20 и 19
 2022-07-17 18:40:13 INFO  PlusMinusServiceTest:1541 - 20 и 20
 2022-07-17 18:40:13 INFO  PlusMinusServiceTest:33 - Начинаем проверку формирования файлов
 2022-07-17 18:40:13 INFO  PlusMinusServiceTest:77 - Проверяем пару значений 1 - 2
 